<?xml version="1.0" encoding="UTF-8"?>
<testsuite xmlns:xsi="http://www.w3.org/2001/XMLSchema-instance" xsi:noNamespaceSchemaLocation="https://maven.apache.org/surefire/maven-surefire-plugin/xsd/surefire-test-report-3.0.xsd" version="3.0" name="org.example.NumberUtilsTest" time="0.198" tests="20" errors="0" skipped="0" failures="0">
  <properties>
[...]
</properties>
  <testcase name="leadingZeros" classname="org.example.NumberUtilsTest" time="0.112"/>
  <testcase name="bothListsNull" classname="org.example.NumberUtilsTest" time="0.002"/>
  <testcase name="bothListsEmpty" classname="org.example.NumberUtilsTest" time="0.002"/>
  <testcase name="bothListsValid" classname="org.example.NumberUtilsTest" time="0.001"/>
  <testcase name="rightEmptyLeftValid" classname="org.example.NumberUtilsTest" time="0.001"/>
  <testcase name="right2Left1" classname="org.example.NumberUtilsTest" time="0.001"/>
  <testcase name="leftInvalidRightEmpty" classname="org.example.NumberUtilsTest" time="0.006"/>
  <testcase name="right9" classname="org.example.NumberUtilsTest" time="0.001"/>
  <testcase name="rightInvalidLeftEmpty" classname="org.example.NumberUtilsTest" time="0.001"/>
  <testcase name="leftListNull" classname="org.example.NumberUtilsTest" time="0.002"/>
  <testcase name="leftListEmpty" classname="org.example.NumberUtilsTest" time="0.001"/>
  <testcase name="leadingZeros2" classname="org.example.NumberUtilsTest" time="0.002"/>
  <testcase name="left9" classname="org.example.NumberUtilsTest" time="0.002"/>
  <testcase name="rightListNull" classname="org.example.NumberUtilsTest" time="0.001"/>
  <testcase name="listsGreaterThan9" classname="org.example.NumberUtilsTest" time="0.002"/>
  <testcase name="bothInvalid" classname="org.example.NumberUtilsTest" time="0.002"/>
  <testcase name="leftLessThan0" classname="org.example.NumberUtilsTest" time="0.002"/>
  <testcase name="rightLessThan0" classname="org.example.NumberUtilsTest" time="0.003"/>
  <testcase name="left2Right1" classname="org.example.NumberUtilsTest" time="0.002"/>
  <testcase name="leftEmptyRightValid" classname="org.example.NumberUtilsTest" time="0.001"/>
</testsuite>